2021-11-24 17:37:21,582 INFO o.a.j.u.JMeterUtils: Setting Locale to en_EN
2021-11-24 17:37:21,599 INFO o.a.j.JMeter: Loading user properties from: C:\Users\Usuario\Desktop\apache-jmeter-5.4.1\bin\user.properties
2021-11-24 17:37:21,599 INFO o.a.j.JMeter: Loading system properties from: C:\Users\Usuario\Desktop\apache-jmeter-5.4.1\bin\system.properties
2021-11-24 17:37:21,605 INFO o.a.j.JMeter: Copyright (c) 1998-2021 The Apache Software Foundation
2021-11-24 17:37:21,606 INFO o.a.j.JMeter: Version 5.4.1
2021-11-24 17:37:21,606 INFO o.a.j.JMeter: java.version=11.0.12
2021-11-24 17:37:21,606 INFO o.a.j.JMeter: java.vm.name=Java HotSpot(TM) 64-Bit Server VM
2021-11-24 17:37:21,606 INFO o.a.j.JMeter: os.name=Windows 10
2021-11-24 17:37:21,606 INFO o.a.j.JMeter: os.arch=amd64
2021-11-24 17:37:21,606 INFO o.a.j.JMeter: os.version=10.0
2021-11-24 17:37:21,606 INFO o.a.j.JMeter: file.encoding=Cp1252
2021-11-24 17:37:21,606 INFO o.a.j.JMeter: java.awt.headless=true
2021-11-24 17:37:21,606 INFO o.a.j.JMeter: Max memory     =1073741824
2021-11-24 17:37:21,606 INFO o.a.j.JMeter: Available Processors =8
2021-11-24 17:37:21,613 INFO o.a.j.JMeter: Default Locale=English (EN)
2021-11-24 17:37:21,613 INFO o.a.j.JMeter: JMeter  Locale=English (EN)
2021-11-24 17:37:21,613 INFO o.a.j.JMeter: JMeterHome=C:\Users\Usuario\Desktop\apache-jmeter-5.4.1
2021-11-24 17:37:21,613 INFO o.a.j.JMeter: user.dir  =C:\Users\Usuario\Documents\Curso log
2021-11-24 17:37:21,614 INFO o.a.j.JMeter: PWD       =C:\Users\Usuario\Documents\Curso log
2021-11-24 17:37:21,614 INFO o.a.j.JMeter: IP: 192.168.0.16 Name: DESKTOP-AF03160 FullName: DESKTOP-AF03160
2021-11-24 17:37:21,618 INFO o.a.j.JMeter: Setting property 'jmeter.reportgenerator.outputdir' to:'C:\Users\Usuario\Documents\Curso log\nossaBash'
2021-11-24 17:37:21,622 INFO o.a.j.r.d.ReportGenerator: ReportGenerator will use for Parsing the separator: ','
2021-11-24 17:37:21,622 INFO o.a.j.r.d.ReportGenerator: Will only generate report from results file: resultado.jtl
2021-11-24 17:37:21,622 INFO o.a.j.r.d.ReportGenerator: Reading report generator properties from: C:\Users\Usuario\Desktop\apache-jmeter-5.4.1\bin\reportgenerator.properties
2021-11-24 17:37:21,624 INFO o.a.j.r.d.ReportGenerator: Merging with JMeter properties
2021-11-24 17:37:21,628 INFO o.a.j.r.c.ReportGeneratorConfiguration: Property 'jmeter.reportgenerator.temp_dir' not found, using default value 'temp' instead.
2021-11-24 17:37:21,630 INFO o.a.j.r.c.ReportGeneratorConfiguration: Property 'jmeter.reportgenerator.apdex_per_transaction' not found, using default value 'null' instead.
2021-11-24 17:37:21,635 INFO o.a.j.r.c.ReportGeneratorConfiguration: apdex_per_transaction is empty, not APDEX per transaction customization
2021-11-24 17:37:21,635 INFO o.a.j.r.c.ReportGeneratorConfiguration: Property 'jmeter.reportgenerator.sample_filter' not found, using default value 'null' instead.
2021-11-24 17:37:21,635 INFO o.a.j.r.c.ReportGeneratorConfiguration: Property 'jmeter.reportgenerator.report_title' not found, using default value 'null' instead.
2021-11-24 17:37:21,635 INFO o.a.j.r.c.ReportGeneratorConfiguration: Property 'jmeter.reportgenerator.start_date' not found, using default value 'null' instead.
2021-11-24 17:37:21,635 INFO o.a.j.r.c.ReportGeneratorConfiguration: Property 'jmeter.reportgenerator.end_date' not found, using default value 'null' instead.
2021-11-24 17:37:21,635 INFO o.a.j.r.c.ReportGeneratorConfiguration: Property 'jmeter.reportgenerator.date_format' not found, using default value 'null' instead.
2021-11-24 17:37:21,636 INFO o.a.j.r.c.ReportGeneratorConfiguration: Will use date range start date: null, end date: null
2021-11-24 17:37:21,639 INFO o.a.j.r.c.ReportGeneratorConfiguration: Property 'jmeter.reportgenerator.graph.totalTPS.exclude_controllers' not found, using default value 'false' instead.
2021-11-24 17:37:21,639 INFO o.a.j.r.c.ReportGeneratorConfiguration: Property 'jmeter.reportgenerator.graph.activeThreadsOverTime.exclude_controllers' not found, using default value 'false' instead.
2021-11-24 17:37:21,639 INFO o.a.j.r.c.ReportGeneratorConfiguration: Property 'jmeter.reportgenerator.graph.timeVsThreads.exclude_controllers' not found, using default value 'false' instead.
2021-11-24 17:37:21,640 INFO o.a.j.r.c.ReportGeneratorConfiguration: Property 'jmeter.reportgenerator.graph.responseTimeDistribution.exclude_controllers' not found, using default value 'false' instead.
2021-11-24 17:37:21,640 INFO o.a.j.r.c.ReportGeneratorConfiguration: Property 'jmeter.reportgenerator.graph.transactionsPerSecond.exclude_controllers' not found, using default value 'false' instead.
2021-11-24 17:37:21,640 INFO o.a.j.r.c.ReportGeneratorConfiguration: Property 'jmeter.reportgenerator.graph.responseTimePercentiles.exclude_controllers' not found, using default value 'false' instead.
2021-11-24 17:37:21,640 INFO o.a.j.r.c.ReportGeneratorConfiguration: Property 'jmeter.reportgenerator.graph.responseTimePercentilesOverTime.exclude_controllers' not found, using default value 'false' instead.
2021-11-24 17:37:21,640 INFO o.a.j.r.c.ReportGeneratorConfiguration: Property 'jmeter.reportgenerator.graph.responseTimesOverTime.exclude_controllers' not found, using default value 'false' instead.
2021-11-24 17:37:21,640 INFO o.a.j.r.c.ReportGeneratorConfiguration: Property 'jmeter.reportgenerator.graph.connectTimeOverTime.exclude_controllers' not found, using default value 'false' instead.
2021-11-24 17:37:21,640 INFO o.a.j.r.c.ReportGeneratorConfiguration: Property 'jmeter.reportgenerator.graph.latenciesOverTime.exclude_controllers' not found, using default value 'false' instead.
2021-11-24 17:37:21,641 INFO o.a.j.r.c.ReportGeneratorConfiguration: Property 'jmeter.reportgenerator.exporter.json.filters_only_sample_series' not found, using default value 'true' instead.
2021-11-24 17:37:21,641 INFO o.a.j.r.c.ReportGeneratorConfiguration: Property 'jmeter.reportgenerator.exporter.json.series_filter' not found, using default value '' instead.
2021-11-24 17:37:21,641 INFO o.a.j.r.c.ReportGeneratorConfiguration: Property 'jmeter.reportgenerator.exporter.json.show_controllers_only' not found, using default value 'false' instead.
2021-11-24 17:37:21,641 INFO o.a.j.r.c.ReportGeneratorConfiguration: Property 'jmeter.reportgenerator.exporter.html.filters_only_sample_series' not found, using default value 'true' instead.
2021-11-24 17:37:21,642 INFO o.a.j.r.c.ReportGeneratorConfiguration: Property 'jmeter.reportgenerator.exporter.html.series_filter' not found, using default value '' instead.
2021-11-24 17:37:21,642 INFO o.a.j.r.c.ReportGeneratorConfiguration: Property 'jmeter.reportgenerator.exporter.html.show_controllers_only' not found, using default value 'false' instead.
2021-11-24 17:37:21,800 INFO o.a.j.s.SaveService: Testplan (JMX) version: 2.2. Testlog (JTL) version: 2.2
2021-11-24 17:37:21,821 INFO o.a.j.s.SaveService: Using SaveService properties version 5.0
2021-11-24 17:37:21,822 INFO o.a.j.s.SaveService: Using SaveService properties file encoding UTF-8
2021-11-24 17:37:21,840 INFO o.a.j.r.p.NormalizerSampleConsumer: Using format, 'ms', to parse timeStamp field
2021-11-24 17:37:22,029 INFO o.a.j.r.p.AbstractSampleConsumer: class org.apache.jmeter.report.processor.AggregateConsumer#stopProducing(): beginDate produced 0 samples
2021-11-24 17:37:22,030 INFO o.a.j.r.p.AbstractSampleConsumer: class org.apache.jmeter.report.processor.AggregateConsumer#stopProducing(): endDate produced 0 samples
2021-11-24 17:37:22,031 INFO o.a.j.r.p.AbstractSampleConsumer: class org.apache.jmeter.report.processor.ApdexSummaryConsumer#stopProducing(): apdexSummary produced 0 samples
2021-11-24 17:37:22,031 INFO o.a.j.r.p.AbstractSampleConsumer: class org.apache.jmeter.report.processor.RequestsSummaryConsumer#stopProducing(): requestsSummary produced 0 samples
2021-11-24 17:37:22,035 INFO o.a.j.r.p.AbstractSampleConsumer: class org.apache.jmeter.report.processor.StatisticsSummaryConsumer#stopProducing(): statisticsSummary produced 0 samples
2021-11-24 17:37:22,039 INFO o.a.j.r.p.AbstractSampleConsumer: class org.apache.jmeter.report.processor.Top5ErrorsBySamplerConsumer#stopProducing(): top5ErrorsBySampler produced 0 samples
2021-11-24 17:37:22,039 INFO o.a.j.r.p.AbstractSampleConsumer: class org.apache.jmeter.report.processor.ErrorsSummaryConsumer#stopProducing(): errorsSummary produced 0 samples
2021-11-24 17:37:22,039 INFO o.a.j.r.p.AbstractSampleConsumer: class org.apache.jmeter.report.processor.graph.impl.HitsPerSecondGraphConsumer#stopProducing(): hitsPerSecond produced 0 samples
2021-11-24 17:37:22,049 INFO o.a.j.r.p.AbstractSampleConsumer: class org.apache.jmeter.report.processor.graph.impl.LatencyVSRequestGraphConsumer#stopProducing(): latencyVsRequest produced 0 samples
2021-11-24 17:37:22,049 INFO o.a.j.r.p.AbstractSampleConsumer: class org.apache.jmeter.report.processor.graph.impl.SyntheticResponseTimeDistributionGraphConsumer#stopProducing(): syntheticResponseTimeDistribution produced 0 samples
2021-11-24 17:37:22,050 INFO o.a.j.r.p.AbstractSampleConsumer: class org.apache.jmeter.report.processor.graph.impl.BytesThroughputGraphConsumer#stopProducing(): bytesThroughputOverTime produced 0 samples
2021-11-24 17:37:22,050 INFO o.a.j.r.p.AbstractSampleConsumer: class org.apache.jmeter.report.processor.graph.impl.CodesPerSecondGraphConsumer#stopProducing(): codesPerSecond produced 0 samples
2021-11-24 17:37:22,056 INFO o.a.j.r.p.AbstractSampleConsumer: class org.apache.jmeter.report.processor.graph.impl.ResponseTimeVSRequestGraphConsumer#stopProducing(): responseTimeVsRequest produced 0 samples
2021-11-24 17:37:22,056 INFO o.a.j.r.p.AbstractSampleConsumer: class org.apache.jmeter.report.processor.FilterConsumer#stopProducing(): startIntervalControlerFilter produced 1050 samples
2021-11-24 17:37:22,056 INFO o.a.j.r.p.AbstractSampleConsumer: class org.apache.jmeter.report.processor.graph.impl.TotalTPSGraphConsumer#stopProducing(): totalTPS produced 0 samples
2021-11-24 17:37:22,057 INFO o.a.j.r.p.AbstractSampleConsumer: class org.apache.jmeter.report.processor.graph.impl.ActiveThreadsGraphConsumer#stopProducing(): activeThreadsOverTime produced 0 samples
2021-11-24 17:37:22,057 INFO o.a.j.r.p.AbstractSampleConsumer: class org.apache.jmeter.report.processor.graph.impl.TimeVSThreadGraphConsumer#stopProducing(): timeVsThreads produced 0 samples
2021-11-24 17:37:22,057 INFO o.a.j.r.p.AbstractSampleConsumer: class org.apache.jmeter.report.processor.graph.impl.ResponseTimeDistributionGraphConsumer#stopProducing(): responseTimeDistribution produced 0 samples
2021-11-24 17:37:22,057 INFO o.a.j.r.p.AbstractSampleConsumer: class org.apache.jmeter.report.processor.graph.impl.TransactionsPerSecondGraphConsumer#stopProducing(): transactionsPerSecond produced 0 samples
2021-11-24 17:37:22,057 INFO o.a.j.r.p.AbstractSampleConsumer: class org.apache.jmeter.report.processor.graph.impl.ResponseTimePercentilesGraphConsumer#stopProducing(): responseTimePercentiles produced 0 samples
2021-11-24 17:37:22,060 INFO o.a.j.r.p.AbstractSampleConsumer: class org.apache.jmeter.report.processor.graph.impl.ResponseTimePercentilesOverTimeGraphConsumer#stopProducing(): responseTimePercentilesOverTime produced 0 samples
2021-11-24 17:37:22,061 INFO o.a.j.r.p.AbstractSampleConsumer: class org.apache.jmeter.report.processor.graph.impl.ResponseTimeOverTimeGraphConsumer#stopProducing(): responseTimesOverTime produced 0 samples
2021-11-24 17:37:22,061 INFO o.a.j.r.p.AbstractSampleConsumer: class org.apache.jmeter.report.processor.graph.impl.ConnectTimeOverTimeGraphConsumer#stopProducing(): connectTimeOverTime produced 0 samples
2021-11-24 17:37:22,061 INFO o.a.j.r.p.AbstractSampleConsumer: class org.apache.jmeter.report.processor.graph.impl.LatencyOverTimeGraphConsumer#stopProducing(): latenciesOverTime produced 0 samples
2021-11-24 17:37:22,061 INFO o.a.j.r.p.AbstractSampleConsumer: class org.apache.jmeter.report.processor.FilterConsumer#stopProducing(): nameFilter produced 2250 samples
2021-11-24 17:37:22,061 INFO o.a.j.r.p.AbstractSampleConsumer: class org.apache.jmeter.report.processor.FilterConsumer#stopProducing(): dateRangeFilter produced 450 samples
2021-11-24 17:37:22,061 INFO o.a.j.r.p.AbstractSampleConsumer: class org.apache.jmeter.report.processor.NormalizerSampleConsumer#stopProducing(): normalizer produced 150 samples
2021-11-24 17:37:22,062 INFO o.a.j.r.p.CsvFileSampleSource: produce(): 150 samples produced in 202ms on channel 0
2021-11-24 17:37:22,062 INFO o.a.j.r.d.ReportGenerator: Exporting data using exporter:'json' of className:'org.apache.jmeter.report.dashboard.JsonExporter'
2021-11-24 17:37:22,165 INFO o.a.j.r.d.JsonExporter: Found data for consumer statisticsSummary in context
2021-11-24 17:37:22,165 INFO o.a.j.r.d.JsonExporter: Creating statistics for overall
2021-11-24 17:37:22,165 INFO o.a.j.r.d.JsonExporter: Creating statistics for other transactions
2021-11-24 17:37:22,166 INFO o.a.j.r.d.JsonExporter: Checking output folder
2021-11-24 17:37:22,169 INFO o.a.j.r.d.JsonExporter: Writing statistics JSON to C:\Users\Usuario\Documents\Curso log\nossaBash\statistics.json
2021-11-24 17:37:22,200 INFO o.a.j.r.d.ReportGenerator: Exporting data using exporter:'html' of className:'org.apache.jmeter.report.dashboard.HtmlTemplateExporter'
2021-11-24 17:37:22,202 INFO o.a.j.r.d.HtmlTemplateExporter: Will generate dashboard in folder: C:\Users\Usuario\Documents\Curso log\nossaBash
2021-11-24 17:37:22,289 INFO o.a.j.r.d.HtmlTemplateExporter: Report will be generated in: C:\Users\Usuario\Documents\Curso log\nossaBash, creating folder structure
2021-11-24 17:37:22,292 INFO o.a.j.r.d.TemplateVisitor: Copying folder from 'C:\Users\Usuario\Desktop\apache-jmeter-5.4.1\bin\report-template' to 'C:\Users\Usuario\Documents\Curso log\nossaBash', got message: C:\Users\Usuario\Documents\Curso log\nossaBash, found non empty folder with following content [C:\Users\Usuario\Documents\Curso log\nossaBash\statistics.json], will be ignored
